\BOOKMARK [1][-]{section.1}{Introduction}{}% 1
\BOOKMARK [1][-]{section.2}{Related Work}{}% 2
\BOOKMARK [1][-]{section.3}{Problem Description}{}% 3
\BOOKMARK [2][-]{subsection.3.1}{Quality of Service and Composition Constructs}{section.3}% 4
\BOOKMARK [3][-]{subsubsection.3.1.1}{Sequence construct}{subsection.3.1}% 5
\BOOKMARK [3][-]{subsubsection.3.1.2}{Parallel construct}{subsection.3.1}% 6
\BOOKMARK [1][-]{section.4}{Comprehensive Quality Model}{}% 7
\BOOKMARK [2][-]{subsection.4.1}{Semantic Web Service matchmaking Type}{section.4}% 8
\BOOKMARK [2][-]{subsection.4.2}{Comprehensive Quality Model}{section.4}% 9
\BOOKMARK [2][-]{subsection.4.3}{Objective Function}{section.4}% 10
\BOOKMARK [1][-]{section.5}{PSO-based Approach to QoS-Aware Semantic Web Service Composition}{}% 11
\BOOKMARK [2][-]{subsection.5.1}{Weighted Graph Composition}{section.5}% 12
\BOOKMARK [2][-]{subsection.5.2}{PSO-based Approach to QoS-Aware Semantic Web Service Composition}{section.5}% 13
\BOOKMARK [2][-]{subsection.5.3}{Ontology-based Index Cached Optimisation}{section.5}% 14
\BOOKMARK [2][-]{subsection.5.4}{QoS-aware Semantic Web Service Composition Algorithm}{section.5}% 15
\BOOKMARK [1][-]{section.6}{Experiment Design}{}% 16
\BOOKMARK [1][-]{section.7}{Results and Analysis}{}% 17
\BOOKMARK [2][-]{subsection.7.1}{Comparison Test with QoS Evaluation Model}{section.7}% 18
\BOOKMARK [2][-]{subsection.7.2}{Comparison Test with GP-based approach}{section.7}% 19
\BOOKMARK [1][-]{section.8}{Conclusion}{}% 20
\BOOKMARK [1][-]{section*.12}{References}{}% 21
